<?xml version="1.0" encoding="UTF-8"?>
<robot generator="Robot 3.1.1 (Python 3.7.3 on win32)" generated="20190626 10:43:09.540" rpa="false">
<suite id="s1" name="InlogTest" source="C:\Users\TDankers\git\robotframework\robtest\Test\InlogTest.robot">
<test id="s1-t1" name="Invalid username">
<kw name="Browser starten en maximalizeren" library="MDPkey" type="setup">
<kw name="Open Browser" library="SeleniumLibrary">
<doc>Opens a new browser instance to the given ``url``.</doc>
<arguments>
<arg>${URL}</arg>
<arg>${BROWSER}</arg>
</arguments>
<msg timestamp="20190626 10:43:09.879" level="INFO">Opening browser 'Chrome' to base url 'https://arm-act.edsn.nl'.</msg>
<status status="PASS" starttime="20190626 10:43:09.879" endtime="20190626 10:43:13.999"></status>
</kw>
<kw name="Maximize Browser Window" library="SeleniumLibrary">
<doc>Maximizes current browser window.</doc>
<status status="PASS" starttime="20190626 10:43:13.999" endtime="20190626 10:43:15.147"></status>
</kw>
<status status="PASS" starttime="20190626 10:43:09.878" endtime="20190626 10:43:15.148"></status>
</kw>
<kw name="Login CARM" library="MDPkey">
<arguments>
<arg>invalid</arg>
<arg>${Credentials}[1]</arg>
<arg>Fail</arg>
</arguments>
<kw name="Input Text" library="SeleniumLibrary">
<doc>Types the given ``text`` into text field identified by ``locator``.</doc>
<arguments>
<arg>${username_loc}</arg>
<arg>${Username}</arg>
</arguments>
<msg timestamp="20190626 10:43:15.148" level="INFO">Typing text 'invalid' into text field 'xpath=.//*[contains(@id,'UserNameInput')]'.</msg>
<status status="PASS" starttime="20190626 10:43:15.148" endtime="20190626 10:43:15.231"></status>
</kw>
<kw name="Input Password" library="SeleniumLibrary">
<doc>Types the given password into text field identified by ``locator``.</doc>
<arguments>
<arg>${password_loc}</arg>
<arg>${Password}</arg>
</arguments>
<msg timestamp="20190626 10:43:15.232" level="INFO">Typing password into text field 'xpath=.//*[contains(@id,'PasswordInput')]'.</msg>
<status status="PASS" starttime="20190626 10:43:15.231" endtime="20190626 10:43:15.326"></status>
</kw>
<kw name="Click Button" library="SeleniumLibrary">
<doc>Clicks button identified by ``locator``.</doc>
<arguments>
<arg>${loginbutton_loc}</arg>
</arguments>
<msg timestamp="20190626 10:43:15.326" level="INFO">Clicking button 'xpath=.//*[contains(@id,'LoginButton')]'.</msg>
<status status="PASS" starttime="20190626 10:43:15.326" endtime="20190626 10:43:15.737"></status>
</kw>
<kw name="Sleep" library="BuiltIn">
<doc>Pauses the test executed for the given time.</doc>
<arguments>
<arg>2</arg>
</arguments>
<msg timestamp="20190626 10:43:17.739" level="INFO">Slept 2 seconds</msg>
<status status="PASS" starttime="20190626 10:43:15.738" endtime="20190626 10:43:17.739"></status>
</kw>
<kw name="Run Keyword If" library="BuiltIn">
<doc>Runs the given keyword with the given arguments, if ``condition`` is true.</doc>
<arguments>
<arg>${result}==Fail</arg>
<arg>Verifieer text</arg>
</arguments>
<msg timestamp="20190626 10:43:17.741" level="FAIL">Evaluating expression 'Fail==Fail' failed: NameError: name 'Fail' is not defined</msg>
<status status="FAIL" starttime="20190626 10:43:17.740" endtime="20190626 10:43:17.741"></status>
</kw>
<status status="FAIL" starttime="20190626 10:43:15.148" endtime="20190626 10:43:17.742"></status>
</kw>
<kw name="Close Browser" library="SeleniumLibrary" type="teardown">
<doc>Closes the current browser.</doc>
<status status="PASS" starttime="20190626 10:43:17.743" endtime="20190626 10:43:19.865"></status>
</kw>
<status status="FAIL" starttime="20190626 10:43:09.878" endtime="20190626 10:43:19.865" critical="yes">Evaluating expression 'Fail==Fail' failed: NameError: name 'Fail' is not defined</status>
</test>
<test id="s1-t2" name="Invalid password">
<kw name="Browser starten en maximalizeren" library="MDPkey" type="setup">
<kw name="Open Browser" library="SeleniumLibrary">
<doc>Opens a new browser instance to the given ``url``.</doc>
<arguments>
<arg>${URL}</arg>
<arg>${BROWSER}</arg>
</arguments>
<msg timestamp="20190626 10:43:19.879" level="INFO">Opening browser 'Chrome' to base url 'https://arm-act.edsn.nl'.</msg>
<status status="PASS" starttime="20190626 10:43:19.878" endtime="20190626 10:43:23.708"></status>
</kw>
<kw name="Maximize Browser Window" library="SeleniumLibrary">
<doc>Maximizes current browser window.</doc>
<status status="PASS" starttime="20190626 10:43:23.708" endtime="20190626 10:43:24.849"></status>
</kw>
<status status="PASS" starttime="20190626 10:43:19.877" endtime="20190626 10:43:24.849"></status>
</kw>
<kw name="Login CARM" library="MDPkey">
<arguments>
<arg>${Credentials}[0]</arg>
<arg>invalid</arg>
<arg>Fail</arg>
</arguments>
<kw name="Input Text" library="SeleniumLibrary">
<doc>Types the given ``text`` into text field identified by ``locator``.</doc>
<arguments>
<arg>${username_loc}</arg>
<arg>${Username}</arg>
</arguments>
<msg timestamp="20190626 10:43:24.850" level="INFO">Typing text 'ACT_GEN_DANKERST' into text field 'xpath=.//*[contains(@id,'UserNameInput')]'.</msg>
<status status="PASS" starttime="20190626 10:43:24.850" endtime="20190626 10:43:24.957"></status>
</kw>
<kw name="Input Password" library="SeleniumLibrary">
<doc>Types the given password into text field identified by ``locator``.</doc>
<arguments>
<arg>${password_loc}</arg>
<arg>${Password}</arg>
</arguments>
<msg timestamp="20190626 10:43:24.957" level="INFO">Typing password into text field 'xpath=.//*[contains(@id,'PasswordInput')]'.</msg>
<status status="PASS" starttime="20190626 10:43:24.957" endtime="20190626 10:43:25.033"></status>
</kw>
<kw name="Click Button" library="SeleniumLibrary">
<doc>Clicks button identified by ``locator``.</doc>
<arguments>
<arg>${loginbutton_loc}</arg>
</arguments>
<msg timestamp="20190626 10:43:25.033" level="INFO">Clicking button 'xpath=.//*[contains(@id,'LoginButton')]'.</msg>
<status status="PASS" starttime="20190626 10:43:25.033" endtime="20190626 10:43:25.652"></status>
</kw>
<kw name="Sleep" library="BuiltIn">
<doc>Pauses the test executed for the given time.</doc>
<arguments>
<arg>2</arg>
</arguments>
<msg timestamp="20190626 10:43:27.653" level="INFO">Slept 2 seconds</msg>
<status status="PASS" starttime="20190626 10:43:25.652" endtime="20190626 10:43:27.653"></status>
</kw>
<kw name="Run Keyword If" library="BuiltIn">
<doc>Runs the given keyword with the given arguments, if ``condition`` is true.</doc>
<arguments>
<arg>${result}==Fail</arg>
<arg>Verifieer text</arg>
</arguments>
<msg timestamp="20190626 10:43:27.653" level="FAIL">Evaluating expression 'Fail==Fail' failed: NameError: name 'Fail' is not defined</msg>
<status status="FAIL" starttime="20190626 10:43:27.653" endtime="20190626 10:43:27.653"></status>
</kw>
<status status="FAIL" starttime="20190626 10:43:24.849" endtime="20190626 10:43:27.653"></status>
</kw>
<kw name="Close Browser" library="SeleniumLibrary" type="teardown">
<doc>Closes the current browser.</doc>
<status status="PASS" starttime="20190626 10:43:27.654" endtime="20190626 10:43:29.761"></status>
</kw>
<status status="FAIL" starttime="20190626 10:43:19.875" endtime="20190626 10:43:29.761" critical="yes">Evaluating expression 'Fail==Fail' failed: NameError: name 'Fail' is not defined</status>
</test>
<test id="s1-t3" name="Invalid pass and user">
<kw name="Browser starten en maximalizeren" library="MDPkey" type="setup">
<kw name="Open Browser" library="SeleniumLibrary">
<doc>Opens a new browser instance to the given ``url``.</doc>
<arguments>
<arg>${URL}</arg>
<arg>${BROWSER}</arg>
</arguments>
<msg timestamp="20190626 10:43:29.766" level="INFO">Opening browser 'Chrome' to base url 'https://arm-act.edsn.nl'.</msg>
<status status="PASS" starttime="20190626 10:43:29.765" endtime="20190626 10:43:33.402"></status>
</kw>
<kw name="Maximize Browser Window" library="SeleniumLibrary">
<doc>Maximizes current browser window.</doc>
<status status="PASS" starttime="20190626 10:43:33.402" endtime="20190626 10:43:34.523"></status>
</kw>
<status status="PASS" starttime="20190626 10:43:29.764" endtime="20190626 10:43:34.523"></status>
</kw>
<kw name="Login CARM" library="MDPkey">
<arguments>
<arg>invalid</arg>
<arg>invalid</arg>
<arg>Fail</arg>
</arguments>
<kw name="Input Text" library="SeleniumLibrary">
<doc>Types the given ``text`` into text field identified by ``locator``.</doc>
<arguments>
<arg>${username_loc}</arg>
<arg>${Username}</arg>
</arguments>
<msg timestamp="20190626 10:43:34.524" level="INFO">Typing text 'invalid' into text field 'xpath=.//*[contains(@id,'UserNameInput')]'.</msg>
<status status="PASS" starttime="20190626 10:43:34.524" endtime="20190626 10:43:34.597"></status>
</kw>
<kw name="Input Password" library="SeleniumLibrary">
<doc>Types the given password into text field identified by ``locator``.</doc>
<arguments>
<arg>${password_loc}</arg>
<arg>${Password}</arg>
</arguments>
<msg timestamp="20190626 10:43:34.597" level="INFO">Typing password into text field 'xpath=.//*[contains(@id,'PasswordInput')]'.</msg>
<status status="PASS" starttime="20190626 10:43:34.597" endtime="20190626 10:43:34.679"></status>
</kw>
<kw name="Click Button" library="SeleniumLibrary">
<doc>Clicks button identified by ``locator``.</doc>
<arguments>
<arg>${loginbutton_loc}</arg>
</arguments>
<msg timestamp="20190626 10:43:34.679" level="INFO">Clicking button 'xpath=.//*[contains(@id,'LoginButton')]'.</msg>
<status status="PASS" starttime="20190626 10:43:34.679" endtime="20190626 10:43:35.061"></status>
</kw>
<kw name="Sleep" library="BuiltIn">
<doc>Pauses the test executed for the given time.</doc>
<arguments>
<arg>2</arg>
</arguments>
<msg timestamp="20190626 10:43:37.063" level="INFO">Slept 2 seconds</msg>
<status status="PASS" starttime="20190626 10:43:35.061" endtime="20190626 10:43:37.063"></status>
</kw>
<kw name="Run Keyword If" library="BuiltIn">
<doc>Runs the given keyword with the given arguments, if ``condition`` is true.</doc>
<arguments>
<arg>${result}==Fail</arg>
<arg>Verifieer text</arg>
</arguments>
<msg timestamp="20190626 10:43:37.063" level="FAIL">Evaluating expression 'Fail==Fail' failed: NameError: name 'Fail' is not defined</msg>
<status status="FAIL" starttime="20190626 10:43:37.063" endtime="20190626 10:43:37.064"></status>
</kw>
<status status="FAIL" starttime="20190626 10:43:34.523" endtime="20190626 10:43:37.064"></status>
</kw>
<kw name="Close Browser" library="SeleniumLibrary" type="teardown">
<doc>Closes the current browser.</doc>
<status status="PASS" starttime="20190626 10:43:37.064" endtime="20190626 10:43:39.167"></status>
</kw>
<status status="FAIL" starttime="20190626 10:43:29.762" endtime="20190626 10:43:39.167" critical="yes">Evaluating expression 'Fail==Fail' failed: NameError: name 'Fail' is not defined</status>
</test>
<test id="s1-t4" name="Valid credentials">
<kw name="Browser starten en maximalizeren" library="MDPkey" type="setup">
<kw name="Open Browser" library="SeleniumLibrary">
<doc>Opens a new browser instance to the given ``url``.</doc>
<arguments>
<arg>${URL}</arg>
<arg>${BROWSER}</arg>
</arguments>
<msg timestamp="20190626 10:43:39.171" level="INFO">Opening browser 'Chrome' to base url 'https://arm-act.edsn.nl'.</msg>
<status status="PASS" starttime="20190626 10:43:39.170" endtime="20190626 10:43:42.505"></status>
</kw>
<kw name="Maximize Browser Window" library="SeleniumLibrary">
<doc>Maximizes current browser window.</doc>
<status status="PASS" starttime="20190626 10:43:42.505" endtime="20190626 10:43:43.630"></status>
</kw>
<status status="PASS" starttime="20190626 10:43:39.170" endtime="20190626 10:43:43.630"></status>
</kw>
<kw name="Login CARM" library="MDPkey">
<arguments>
<arg>${Credentials}[0]</arg>
<arg>${Credentials}[1]</arg>
<arg>Succes</arg>
</arguments>
<kw name="Input Text" library="SeleniumLibrary">
<doc>Types the given ``text`` into text field identified by ``locator``.</doc>
<arguments>
<arg>${username_loc}</arg>
<arg>${Username}</arg>
</arguments>
<msg timestamp="20190626 10:43:43.631" level="INFO">Typing text 'ACT_GEN_DANKERST' into text field 'xpath=.//*[contains(@id,'UserNameInput')]'.</msg>
<status status="PASS" starttime="20190626 10:43:43.631" endtime="20190626 10:43:43.736"></status>
</kw>
<kw name="Input Password" library="SeleniumLibrary">
<doc>Types the given password into text field identified by ``locator``.</doc>
<arguments>
<arg>${password_loc}</arg>
<arg>${Password}</arg>
</arguments>
<msg timestamp="20190626 10:43:43.736" level="INFO">Typing password into text field 'xpath=.//*[contains(@id,'PasswordInput')]'.</msg>
<status status="PASS" starttime="20190626 10:43:43.736" endtime="20190626 10:43:43.825"></status>
</kw>
<kw name="Click Button" library="SeleniumLibrary">
<doc>Clicks button identified by ``locator``.</doc>
<arguments>
<arg>${loginbutton_loc}</arg>
</arguments>
<msg timestamp="20190626 10:43:43.825" level="INFO">Clicking button 'xpath=.//*[contains(@id,'LoginButton')]'.</msg>
<status status="PASS" starttime="20190626 10:43:43.825" endtime="20190626 10:43:44.552"></status>
</kw>
<kw name="Sleep" library="BuiltIn">
<doc>Pauses the test executed for the given time.</doc>
<arguments>
<arg>2</arg>
</arguments>
<msg timestamp="20190626 10:43:46.555" level="INFO">Slept 2 seconds</msg>
<status status="PASS" starttime="20190626 10:43:44.553" endtime="20190626 10:43:46.555"></status>
</kw>
<kw name="Run Keyword If" library="BuiltIn">
<doc>Runs the given keyword with the given arguments, if ``condition`` is true.</doc>
<arguments>
<arg>${result}==Fail</arg>
<arg>Verifieer text</arg>
</arguments>
<msg timestamp="20190626 10:43:46.556" level="FAIL">Evaluating expression 'Succes==Fail' failed: NameError: name 'Succes' is not defined</msg>
<status status="FAIL" starttime="20190626 10:43:46.555" endtime="20190626 10:43:46.556"></status>
</kw>
<status status="FAIL" starttime="20190626 10:43:43.631" endtime="20190626 10:43:46.556"></status>
</kw>
<kw name="Close Browser" library="SeleniumLibrary" type="teardown">
<doc>Closes the current browser.</doc>
<status status="PASS" starttime="20190626 10:43:46.557" endtime="20190626 10:43:48.678"></status>
</kw>
<status status="FAIL" starttime="20190626 10:43:39.169" endtime="20190626 10:43:48.678" critical="yes">Evaluating expression 'Succes==Fail' failed: NameError: name 'Succes' is not defined</status>
</test>
<status status="FAIL" starttime="20190626 10:43:09.541" endtime="20190626 10:43:48.680"></status>
</suite>
<statistics>
<total>
<stat pass="0" fail="4">Critical Tests</stat>
<stat pass="0" fail="4">All Tests</stat>
</total>
<tag>
</tag>
<suite>
<stat pass="0" fail="4" id="s1" name="InlogTest">InlogTest</stat>
</suite>
</statistics>
<errors>
</errors>
</robot>
