<?xml version="1.0" encoding="UTF-8"?>
<robot generator="Robot 3.1.1 (Python 3.7.3 on win32)" generated="20190423 14:44:08.543" rpa="false">
<suite id="s1" name="Testsuite1" source="C:\Users\TDankers\eclipse-workspace\robtest\Test\Testsuite1.robot">
<test id="s1-t1" name="FirstTest">
<kw name="Browser starten en maximalizeren" library="MDPkey" type="setup">
<kw name="Open Browser" library="SeleniumLibrary">
<doc>Opens a new browser instance to the given ``url``.</doc>
<arguments>
<arg>${URL}</arg>
<arg>${BROWSER}</arg>
</arguments>
<msg timestamp="20190423 14:44:08.693" level="INFO">Opening browser 'Chrome' to base url 'https://arm-act.edsn.nl'.</msg>
<status status="PASS" starttime="20190423 14:44:08.693" endtime="20190423 14:44:13.553"></status>
</kw>
<kw name="Maximize Browser Window" library="SeleniumLibrary">
<doc>Maximizes current browser window.</doc>
<status status="PASS" starttime="20190423 14:44:13.553" endtime="20190423 14:44:14.682"></status>
</kw>
<status status="PASS" starttime="20190423 14:44:08.693" endtime="20190423 14:44:14.682"></status>
</kw>
<kw name="Log" library="BuiltIn">
<doc>Logs the given message with the given level.</doc>
<arguments>
<arg>Hello world</arg>
</arguments>
<msg timestamp="20190423 14:44:14.683" level="INFO">Hello world</msg>
<status status="PASS" starttime="20190423 14:44:14.683" endtime="20190423 14:44:14.683"></status>
</kw>
<kw name="Close Browser" library="SeleniumLibrary" type="teardown">
<doc>Closes the current browser.</doc>
<status status="PASS" starttime="20190423 14:44:14.684" endtime="20190423 14:44:16.820"></status>
</kw>
<status status="PASS" starttime="20190423 14:44:08.692" endtime="20190423 14:44:16.821" critical="yes"></status>
</test>
<test id="s1-t2" name="SeleniumTest">
<kw name="Browser starten en maximalizeren" library="MDPkey" type="setup">
<kw name="Open Browser" library="SeleniumLibrary">
<doc>Opens a new browser instance to the given ``url``.</doc>
<arguments>
<arg>${URL}</arg>
<arg>${BROWSER}</arg>
</arguments>
<msg timestamp="20190423 14:44:16.824" level="INFO">Opening browser 'Chrome' to base url 'https://arm-act.edsn.nl'.</msg>
<status status="PASS" starttime="20190423 14:44:16.824" endtime="20190423 14:44:20.705"></status>
</kw>
<kw name="Maximize Browser Window" library="SeleniumLibrary">
<doc>Maximizes current browser window.</doc>
<status status="PASS" starttime="20190423 14:44:20.705" endtime="20190423 14:44:21.831"></status>
</kw>
<status status="PASS" starttime="20190423 14:44:16.823" endtime="20190423 14:44:21.831"></status>
</kw>
<kw name="Login C-ARM" library="MDPkey">
<kw name="Input Text" library="SeleniumLibrary">
<doc>Types the given ``text`` into text field identified by ``locator``.</doc>
<arguments>
<arg>xpath=.//*[contains(@id,'UserNameInput')]</arg>
<arg>@{Credentials}[0]</arg>
</arguments>
<msg timestamp="20190423 14:44:21.834" level="INFO">Typing text 'ACT_GEN_DANKERST' into text field 'xpath=.//*[contains(@id,'UserNameInput')]'.</msg>
<status status="PASS" starttime="20190423 14:44:21.833" endtime="20190423 14:44:22.001"></status>
</kw>
<kw name="Input Password" library="SeleniumLibrary">
<doc>Types the given password into text field identified by ``locator``.</doc>
<arguments>
<arg>xpath=.//*[contains(@id,'PasswordInput')]</arg>
<arg>@{Credentials}[1]</arg>
</arguments>
<msg timestamp="20190423 14:44:22.002" level="INFO">Typing password into text field 'xpath=.//*[contains(@id,'PasswordInput')]'.</msg>
<status status="PASS" starttime="20190423 14:44:22.001" endtime="20190423 14:44:22.138"></status>
</kw>
<kw name="Click Button" library="SeleniumLibrary">
<doc>Clicks button identified by ``locator``.</doc>
<arguments>
<arg>xpath=.//*[contains(@id,'LoginButton')]</arg>
</arguments>
<msg timestamp="20190423 14:44:22.138" level="INFO">Clicking button 'xpath=.//*[contains(@id,'LoginButton')]'.</msg>
<status status="PASS" starttime="20190423 14:44:22.138" endtime="20190423 14:44:23.986"></status>
</kw>
<kw name="Sleep" library="BuiltIn">
<doc>Pauses the test executed for the given time.</doc>
<arguments>
<arg>2</arg>
</arguments>
<msg timestamp="20190423 14:44:25.987" level="INFO">Slept 2 seconds</msg>
<status status="PASS" starttime="20190423 14:44:23.986" endtime="20190423 14:44:25.987"></status>
</kw>
<status status="PASS" starttime="20190423 14:44:21.833" endtime="20190423 14:44:25.987"></status>
</kw>
<kw name="Zoek aansluiting" library="MDPkey">
<arguments>
<arg>871689200000000001</arg>
</arguments>
<kw name="Click Element" library="SeleniumLibrary">
<doc>Click element identified by ``locator``.</doc>
<arguments>
<arg>xpath=.//*[contains(text(),'MDP')]</arg>
</arguments>
<msg timestamp="20190423 14:44:25.988" level="INFO">Clicking element 'xpath=.//*[contains(text(),'MDP')]'.</msg>
<status status="PASS" starttime="20190423 14:44:25.988" endtime="20190423 14:44:26.786"></status>
</kw>
<kw name="Input Text" library="SeleniumLibrary">
<doc>Types the given ``text`` into text field identified by ``locator``.</doc>
<arguments>
<arg>xpath=.//*[contains(@id,'MeteringPointEAN_Input')]</arg>
<arg>${EAN}</arg>
</arguments>
<msg timestamp="20190423 14:44:26.787" level="INFO">Typing text '871689200000000001' into text field 'xpath=.//*[contains(@id,'MeteringPointEAN_Input')]'.</msg>
<status status="PASS" starttime="20190423 14:44:26.787" endtime="20190423 14:44:27.226"></status>
</kw>
<kw name="Click Button" library="SeleniumLibrary">
<doc>Clicks button identified by ``locator``.</doc>
<arguments>
<arg>xpath=.//*[contains(@id,'Search_Btn')]</arg>
</arguments>
<msg timestamp="20190423 14:44:27.226" level="INFO">Clicking button 'xpath=.//*[contains(@id,'Search_Btn')]'.</msg>
<status status="PASS" starttime="20190423 14:44:27.226" endtime="20190423 14:44:27.332"></status>
</kw>
<kw name="Sleep" library="BuiltIn">
<doc>Pauses the test executed for the given time.</doc>
<arguments>
<arg>3</arg>
</arguments>
<msg timestamp="20190423 14:44:30.332" level="INFO">Slept 3 seconds</msg>
<status status="PASS" starttime="20190423 14:44:27.332" endtime="20190423 14:44:30.332"></status>
</kw>
<kw name="Click Element" library="SeleniumLibrary">
<doc>Click element identified by ``locator``.</doc>
<arguments>
<arg>xpath=.//*[contains(text(),'${EAN}')]</arg>
</arguments>
<msg timestamp="20190423 14:44:30.332" level="INFO">Clicking element 'xpath=.//*[contains(text(),'871689200000000001')]'.</msg>
<status status="PASS" starttime="20190423 14:44:30.332" endtime="20190423 14:44:36.918"></status>
</kw>
<status status="PASS" starttime="20190423 14:44:25.988" endtime="20190423 14:44:36.919"></status>
</kw>
<kw name="Close Browser" library="SeleniumLibrary" type="teardown">
<doc>Closes the current browser.</doc>
<status status="PASS" starttime="20190423 14:44:36.919" endtime="20190423 14:44:39.024"></status>
</kw>
<status status="PASS" starttime="20190423 14:44:16.823" endtime="20190423 14:44:39.025" critical="yes"></status>
</test>
<status status="PASS" starttime="20190423 14:44:08.545" endtime="20190423 14:44:39.026"></status>
</suite>
<statistics>
<total>
<stat pass="2" fail="0">Critical Tests</stat>
<stat pass="2" fail="0">All Tests</stat>
</total>
<tag>
</tag>
<suite>
<stat pass="2" fail="0" id="s1" name="Testsuite1">Testsuite1</stat>
</suite>
</statistics>
<errors>
</errors>
</robot>
